[debug] [2021-06-29T22:13:32.444Z] ----------------------------------------------------------------------
[debug] [2021-06-29T22:13:32.446Z] Command:       /usr/local/bin/node /usr/local/bin/firebase deploy
[debug] [2021-06-29T22:13:32.446Z] CLI Version:   9.13.0
[debug] [2021-06-29T22:13:32.447Z] Platform:      darwin
[debug] [2021-06-29T22:13:32.447Z] Node Version:  v16.3.0
[debug] [2021-06-29T22:13:32.453Z] Time:          Wed Jun 30 2021 00:13:32 GMT+0200 (Mitteleuropäische Sommerzeit)
[debug] [2021-06-29T22:13:32.453Z] ----------------------------------------------------------------------
[debug] 
[debug] [2021-06-29T22:13:32.461Z] > command requires scopes: ["email","openid","https://www.googleapis.com/auth/cloudplatformprojects.readonly","https://www.googleapis.com/auth/firebase","https://www.googleapis.com/auth/cloud-platform"]
[debug] [2021-06-29T22:13:32.461Z] > authorizing via signed-in user (bayboragulec@googlemail.com)
[debug] [2021-06-29T22:13:32.461Z] [iam] checking project jimmyasdiaspasdk12345123325 for permissions ["firebase.projects.get","firebasehosting.sites.update"]
[debug] [2021-06-29T22:13:32.464Z] > refreshing access token with scopes: ["email","https://www.googleapis.com/auth/cloud-platform","https://www.googleapis.com/auth/cloudplatformprojects.readonly","https://www.googleapis.com/auth/firebase","openid"]
[debug] [2021-06-29T22:13:32.464Z] >>> HTTP REQUEST POST https://www.googleapis.com/oauth2/v3/token  
 <request body omitted>
[debug] [2021-06-29T22:13:32.631Z] <<< HTTP RESPONSE 200 {"pragma":"no-cache","cache-control":"no-cache, no-store, max-age=0, must-revalidate","expires":"Mon, 01 Jan 1990 00:00:00 GMT","date":"Tue, 29 Jun 2021 22:13:32 GMT","content-type":"application/json; charset=utf-8","vary":"X-Origin, Referer, Origin,Accept-Encoding","server":"scaffolding on HTTPServer2","x-xss-protection":"0","x-frame-options":"SAMEORIGIN","x-content-type-options":"nosniff","alt-svc":"h3=\":443\"; ma=2592000,h3-29=\":443\"; ma=2592000,h3-T051=\":443\"; ma=2592000,h3-Q050=\":443\"; ma=2592000,h3-Q046=\":443\"; ma=2592000,h3-Q043=\":443\"; ma=2592000,quic=\":443\"; ma=2592000; v=\"46,43\"","accept-ranges":"none","transfer-encoding":"chunked"}
[debug] [2021-06-29T22:13:32.690Z] >>> HTTP REQUEST POST https://cloudresourcemanager.googleapis.com/v1/projects/jimmyasdiaspasdk12345123325:testIamPermissions  
 {"permissions":["firebase.projects.get","firebasehosting.sites.update"]}
[debug] [2021-06-29T22:13:33.073Z] <<< HTTP RESPONSE 200 {"content-type":"application/json; charset=UTF-8","vary":"X-Origin, Referer, Origin,Accept-Encoding","date":"Tue, 29 Jun 2021 22:13:33 GMT","server":"ESF","cache-control":"private","x-xss-protection":"0","x-frame-options":"SAMEORIGIN","x-content-type-options":"nosniff","server-timing":"gfet4t7; dur=130","alt-svc":"h3=\":443\"; ma=2592000,h3-29=\":443\"; ma=2592000,h3-T051=\":443\"; ma=2592000,h3-Q050=\":443\"; ma=2592000,h3-Q046=\":443\"; ma=2592000,h3-Q043=\":443\"; ma=2592000,quic=\":443\"; ma=2592000; v=\"46,43\"","accept-ranges":"none","transfer-encoding":"chunked"}
[debug] [2021-06-29T22:13:33.076Z] > refreshing access token with scopes: []
[debug] [2021-06-29T22:13:33.076Z] >>> HTTP REQUEST POST https://www.googleapis.com/oauth2/v3/token  
 <request body omitted>
[debug] [2021-06-29T22:13:33.215Z] <<< HTTP RESPONSE 200 {"date":"Tue, 29 Jun 2021 22:13:33 GMT","pragma":"no-cache","expires":"Mon, 01 Jan 1990 00:00:00 GMT","cache-control":"no-cache, no-store, max-age=0, must-revalidate","content-type":"application/json; charset=utf-8","vary":"X-Origin, Referer, Origin,Accept-Encoding","server":"scaffolding on HTTPServer2","x-xss-protection":"0","x-frame-options":"SAMEORIGIN","x-content-type-options":"nosniff","alt-svc":"h3=\":443\"; ma=2592000,h3-29=\":443\"; ma=2592000,h3-T051=\":443\"; ma=2592000,h3-Q050=\":443\"; ma=2592000,h3-Q046=\":443\"; ma=2592000,h3-Q043=\":443\"; ma=2592000,quic=\":443\"; ma=2592000; v=\"46,43\"","accept-ranges":"none","transfer-encoding":"chunked"}
[debug] [2021-06-29T22:13:33.270Z] >>> [apiv2][query] GET https://firebase.googleapis.com/v1beta1/projects/jimmyasdiaspasdk12345123325 [none]
